* using log directory ‘/home/geo047/Magma/MagmaQR/MagmaQR.Rcheck’
* using R version 3.6.1 (2019-07-05)
* using platform: x86_64-pc-linux-gnu (64-bit)
* using session charset: UTF-8
* checking for file ‘MagmaQR/DESCRIPTION’ ... OK
* checking extension type ... Package
* this is package ‘MagmaQR’ version ‘0.1.0’
* checking package namespace information ... OK
* checking package dependencies ... OK
* checking if this is a source package ... WARNING
Subdirectory ‘MagmaQR/src’ contains apparent object files/libraries
  MagmaQR.so RcppExports.o shmem_qr_client.o
Object files/libraries should not be included in a source package.
* checking if there is a namespace ... OK
* checking for executable files ... WARNING
Found the following executable file:
  .git/objects/ca/8be35b1f8dcbc9f9d6893a4fdfa9c9ea5a3312
Source packages should not contain undeclared executable files.
See section ‘Package structure’ in the ‘Writing R Extensions’ manual.
* checking for hidden files and directories ... NOTE
Found the following hidden files and directories:
  inst/include/.CSharedRegion.h.swp
  src/.gitignore
  .git
These were most likely included in error. See section ‘Package
structure’ in the ‘Writing R Extensions’ manual.
* checking for portable file names ... OK
* checking for sufficient/correct file permissions ... OK
* checking whether package ‘MagmaQR’ can be installed ... OK
* checking installed package size ... OK
* checking package directory ... OK
* checking DESCRIPTION meta-information ... NOTE
Checking should be performed on sources prepared by ‘R CMD build’.
Package listed in more than one of Depends, Imports, Suggests, Enhances:
  ‘Rcpp’
A package should be listed in only one of these fields.
* checking top-level files ... OK
* checking for left-over files ... OK
* checking index information ... OK
* checking package subdirectories ... WARNING
Found the following directory with the name of a check directory:
  ./MagmaQR.Rcheck
Most likely, these were included erroneously.
* checking R files for non-ASCII characters ... OK
* checking R files for syntax errors ... OK
* checking whether the package can be loaded ... OK
* checking whether the package can be loaded with stated dependencies ... OK
* checking whether the package can be unloaded cleanly ... OK
* checking whether the namespace can be loaded with stated dependencies ... OK
* checking whether the namespace can be unloaded cleanly ... OK
* checking loading without being on the library search path ... OK
* checking dependencies in R code ... NOTE
rm -f shmem_qr_server.o CStringManipulation.o
rm -f qr_server ../bin/qr_server.exe 
icpc -g -O3 -xHost -I../include  -I/apps/cuda/9.0.176/include -I/apps/magma/2.5.1a1-ipl64-cuda90/include  -DMAGMA_ILP64  -D_WITH_CUDA=1  -c -o shmem_qr_server.o shmem_qr_server.cpp
icpc -g -O3 -xHost -I../include  -I/apps/cuda/9.0.176/include -I/apps/magma/2.5.1a1-ipl64-cuda90/include  -DMAGMA_ILP64  -D_WITH_CUDA=1  -c -o CStringManipulation.o CStringManipulation.cpp
icpc  -o qr_server.exe shmem_qr_server.o CStringManipulation.o  -lOpenCL -L/apps/magma/2.5.1a1-ipl64-cuda90/lib -Wl,-rpath,/apps/magma/2.5.1a1-ipl64-cuda90/lib -lmagma  -lcuda -lcudart -Wl,-rpath,/apps/intel/mkl/2017.2.174/compilers_and_libraries_2017.2.174/linux/mkl/lib/intel64_lin  -lmkl_intel_ilp64    -lpthread -lrt 
mkdir -p ../bin
mv qr_server.exe ../bin
* checking S3 generic/method consistency ... WARNING
rm -f shmem_qr_server.o CStringManipulation.o
rm -f qr_server ../bin/qr_server.exe 
icpc -g -O3 -xHost -I../include  -I/apps/cuda/9.0.176/include -I/apps/magma/2.5.1a1-ipl64-cuda90/include  -DMAGMA_ILP64  -D_WITH_CUDA=1  -c -o shmem_qr_server.o shmem_qr_server.cpp
icpc -g -O3 -xHost -I../include  -I/apps/cuda/9.0.176/include -I/apps/magma/2.5.1a1-ipl64-cuda90/include  -DMAGMA_ILP64  -D_WITH_CUDA=1  -c -o CStringManipulation.o CStringManipulation.cpp
icpc  -o qr_server.exe shmem_qr_server.o CStringManipulation.o  -lOpenCL -L/apps/magma/2.5.1a1-ipl64-cuda90/lib -Wl,-rpath,/apps/magma/2.5.1a1-ipl64-cuda90/lib -lmagma  -lcuda -lcudart -Wl,-rpath,/apps/intel/mkl/2017.2.174/compilers_and_libraries_2017.2.174/linux/mkl/lib/intel64_lin  -lmkl_intel_ilp64    -lpthread -lrt 
mkdir -p ../bin
mv qr_server.exe ../bin
See section ‘Generic functions and methods’ in the ‘Writing R
Extensions’ manual.
* checking replacement functions ... WARNING
rm -f shmem_qr_server.o CStringManipulation.o
rm -f qr_server ../bin/qr_server.exe 
icpc -g -O3 -xHost -I../include  -I/apps/cuda/9.0.176/include -I/apps/magma/2.5.1a1-ipl64-cuda90/include  -DMAGMA_ILP64  -D_WITH_CUDA=1  -c -o shmem_qr_server.o shmem_qr_server.cpp
icpc -g -O3 -xHost -I../include  -I/apps/cuda/9.0.176/include -I/apps/magma/2.5.1a1-ipl64-cuda90/include  -DMAGMA_ILP64  -D_WITH_CUDA=1  -c -o CStringManipulation.o CStringManipulation.cpp
icpc  -o qr_server.exe shmem_qr_server.o CStringManipulation.o  -lOpenCL -L/apps/magma/2.5.1a1-ipl64-cuda90/lib -Wl,-rpath,/apps/magma/2.5.1a1-ipl64-cuda90/lib -lmagma  -lcuda -lcudart -Wl,-rpath,/apps/intel/mkl/2017.2.174/compilers_and_libraries_2017.2.174/linux/mkl/lib/intel64_lin  -lmkl_intel_ilp64    -lpthread -lrt 
mkdir -p ../bin
mv qr_server.exe ../bin
The argument of a replacement function which corresponds to the right
hand side must be named ‘value’.
* checking foreign function calls ... NOTE
rm -f shmem_qr_server.o CStringManipulation.o
rm -f qr_server ../bin/qr_server.exe 
icpc -g -O3 -xHost -I../include  -I/apps/cuda/9.0.176/include -I/apps/magma/2.5.1a1-ipl64-cuda90/include  -DMAGMA_ILP64  -D_WITH_CUDA=1  -c -o shmem_qr_server.o shmem_qr_server.cpp
icpc -g -O3 -xHost -I../include  -I/apps/cuda/9.0.176/include -I/apps/magma/2.5.1a1-ipl64-cuda90/include  -DMAGMA_ILP64  -D_WITH_CUDA=1  -c -o CStringManipulation.o CStringManipulation.cpp
icpc  -o qr_server.exe shmem_qr_server.o CStringManipulation.o  -lOpenCL -L/apps/magma/2.5.1a1-ipl64-cuda90/lib -Wl,-rpath,/apps/magma/2.5.1a1-ipl64-cuda90/lib -lmagma  -lcuda -lcudart -Wl,-rpath,/apps/intel/mkl/2017.2.174/compilers_and_libraries_2017.2.174/linux/mkl/lib/intel64_lin  -lmkl_intel_ilp64    -lpthread -lrt 
mkdir -p ../bin
mv qr_server.exe ../bin
See chapter ‘System and foreign language interfaces’ in the ‘Writing R
Extensions’ manual.
* checking R code for possible problems ... OK
* checking Rd files ... OK
* checking Rd metadata ... OK
* checking Rd cross-references ... OK
* checking for missing documentation entries ... WARNING
rm -f shmem_qr_server.o CStringManipulation.o
rm -f qr_server ../bin/qr_server.exe 
icpc -g -O3 -xHost -I../include  -I/apps/cuda/9.0.176/include -I/apps/magma/2.5.1a1-ipl64-cuda90/include  -DMAGMA_ILP64  -D_WITH_CUDA=1  -c -o shmem_qr_server.o shmem_qr_server.cpp
icpc -g -O3 -xHost -I../include  -I/apps/cuda/9.0.176/include -I/apps/magma/2.5.1a1-ipl64-cuda90/include  -DMAGMA_ILP64  -D_WITH_CUDA=1  -c -o CStringManipulation.o CStringManipulation.cpp
icpc  -o qr_server.exe shmem_qr_server.o CStringManipulation.o  -lOpenCL -L/apps/magma/2.5.1a1-ipl64-cuda90/lib -Wl,-rpath,/apps/magma/2.5.1a1-ipl64-cuda90/lib -lmagma  -lcuda -lcudart -Wl,-rpath,/apps/intel/mkl/2017.2.174/compilers_and_libraries_2017.2.174/linux/mkl/lib/intel64_lin  -lmkl_intel_ilp64    -lpthread -lrt 
mkdir -p ../bin
mv qr_server.exe ../bin
All user-level objects in a package should have documentation entries.
See chapter ‘Writing R documentation files’ in the ‘Writing R
Extensions’ manual.
* checking for code/documentation mismatches ... WARNING
rm -f shmem_qr_server.o CStringManipulation.o
rm -f qr_server ../bin/qr_server.exe 
icpc -g -O3 -xHost -I../include  -I/apps/cuda/9.0.176/include -I/apps/magma/2.5.1a1-ipl64-cuda90/include  -DMAGMA_ILP64  -D_WITH_CUDA=1  -c -o shmem_qr_server.o shmem_qr_server.cpp
icpc -g -O3 -xHost -I../include  -I/apps/cuda/9.0.176/include -I/apps/magma/2.5.1a1-ipl64-cuda90/include  -DMAGMA_ILP64  -D_WITH_CUDA=1  -c -o CStringManipulation.o CStringManipulation.cpp
icpc  -o qr_server.exe shmem_qr_server.o CStringManipulation.o  -lOpenCL -L/apps/magma/2.5.1a1-ipl64-cuda90/lib -Wl,-rpath,/apps/magma/2.5.1a1-ipl64-cuda90/lib -lmagma  -lcuda -lcudart -Wl,-rpath,/apps/intel/mkl/2017.2.174/compilers_and_libraries_2017.2.174/linux/mkl/lib/intel64_lin  -lmkl_intel_ilp64    -lpthread -lrt 
mkdir -p ../bin
mv qr_server.exe ../bin
rm -f shmem_qr_server.o CStringManipulation.o
rm -f qr_server ../bin/qr_server.exe 
icpc -g -O3 -xHost -I../include  -I/apps/cuda/9.0.176/include -I/apps/magma/2.5.1a1-ipl64-cuda90/include  -DMAGMA_ILP64  -D_WITH_CUDA=1  -c -o shmem_qr_server.o shmem_qr_server.cpp
icpc -g -O3 -xHost -I../include  -I/apps/cuda/9.0.176/include -I/apps/magma/2.5.1a1-ipl64-cuda90/include  -DMAGMA_ILP64  -D_WITH_CUDA=1  -c -o CStringManipulation.o CStringManipulation.cpp
icpc  -o qr_server.exe shmem_qr_server.o CStringManipulation.o  -lOpenCL -L/apps/magma/2.5.1a1-ipl64-cuda90/lib -Wl,-rpath,/apps/magma/2.5.1a1-ipl64-cuda90/lib -lmagma  -lcuda -lcudart -Wl,-rpath,/apps/intel/mkl/2017.2.174/compilers_and_libraries_2017.2.174/linux/mkl/lib/intel64_lin  -lmkl_intel_ilp64    -lpthread -lrt 
mkdir -p ../bin
mv qr_server.exe ../bin
rm -f shmem_qr_server.o CStringManipulation.o
rm -f qr_server ../bin/qr_server.exe 
icpc -g -O3 -xHost -I../include  -I/apps/cuda/9.0.176/include -I/apps/magma/2.5.1a1-ipl64-cuda90/include  -DMAGMA_ILP64  -D_WITH_CUDA=1  -c -o shmem_qr_server.o shmem_qr_server.cpp
icpc -g -O3 -xHost -I../include  -I/apps/cuda/9.0.176/include -I/apps/magma/2.5.1a1-ipl64-cuda90/include  -DMAGMA_ILP64  -D_WITH_CUDA=1  -c -o CStringManipulation.o CStringManipulation.cpp
icpc  -o qr_server.exe shmem_qr_server.o CStringManipulation.o  -lOpenCL -L/apps/magma/2.5.1a1-ipl64-cuda90/lib -Wl,-rpath,/apps/magma/2.5.1a1-ipl64-cuda90/lib -lmagma  -lcuda -lcudart -Wl,-rpath,/apps/intel/mkl/2017.2.174/compilers_and_libraries_2017.2.174/linux/mkl/lib/intel64_lin  -lmkl_intel_ilp64    -lpthread -lrt 
mkdir -p ../bin
mv qr_server.exe ../bin
* checking Rd \usage sections ... NOTE
rm -f shmem_qr_server.o CStringManipulation.o
rm -f qr_server ../bin/qr_server.exe 
icpc -g -O3 -xHost -I../include  -I/apps/cuda/9.0.176/include -I/apps/magma/2.5.1a1-ipl64-cuda90/include  -DMAGMA_ILP64  -D_WITH_CUDA=1  -c -o shmem_qr_server.o shmem_qr_server.cpp
icpc -g -O3 -xHost -I../include  -I/apps/cuda/9.0.176/include -I/apps/magma/2.5.1a1-ipl64-cuda90/include  -DMAGMA_ILP64  -D_WITH_CUDA=1  -c -o CStringManipulation.o CStringManipulation.cpp
icpc  -o qr_server.exe shmem_qr_server.o CStringManipulation.o  -lOpenCL -L/apps/magma/2.5.1a1-ipl64-cuda90/lib -Wl,-rpath,/apps/magma/2.5.1a1-ipl64-cuda90/lib -lmagma  -lcuda -lcudart -Wl,-rpath,/apps/intel/mkl/2017.2.174/compilers_and_libraries_2017.2.174/linux/mkl/lib/intel64_lin  -lmkl_intel_ilp64    -lpthread -lrt 
mkdir -p ../bin
mv qr_server.exe ../bin
The \usage entries for S3 methods should use the \method markup and not
their full name.
See chapter ‘Writing R documentation files’ in the ‘Writing R
Extensions’ manual.
* checking Rd contents ... OK
* checking for unstated dependencies in examples ... OK
* checking line endings in C/C++/Fortran sources/headers ... OK
* checking line endings in Makefiles ... OK
* checking compilation flags in Makevars ... OK
* checking for GNU extensions in Makefiles ... NOTE
GNU make is a SystemRequirements.
* checking for portable use of $(BLAS_LIBS) and $(LAPACK_LIBS) ... OK
* checking include directives in Makefiles ... OK
* checking compiled code ... OK
* checking examples ... ERROR
Running examples in ‘MagmaQR-Ex.R’ failed
The error most likely occurred in:

> ### Name: MagmaQR
> ### Title: MagmaQR - provides a fast replacement for the qr() function,
> ###   using GPU based MAGMA library routine.
> ### Aliases: MagmaQR
> ### Keywords: MagmaQR, magma, MAGMA, QR, GPU
> 
> ### ** Examples
> 
> # setup
> 
> # setup
> set.seed(101)
> n <- 6000
> ngpu <- 1
> res  <- matrix(sample(1:1000, n*n, TRUE ), nrow=n)
> #res  <- tcrossprod(K)
> print(res[1:5,1:5])
     [,1] [,2] [,3] [,4] [,5]
[1,]  841  320  932  586  632
[2,]  825   66  198  423  637
[3,]  430  879  601  828  218
[4,]   95  745  669  998   24
[5,]  209  704  655  657  215
> 
> # CPU based
>  library(MagmaQR)
>  MagmaQR::RunServer( matrixMaxDimension=n,  numGPUsWanted=ngpu, memName="/syevd_mem", semName="/syevd_sem", print=0)
[1] 0
> 
>   qGPU  <- MagmaQR::qr_mgpu(res, printInfo=TRUE)
 3  4  5  6 > 
>  ## CPU 
> # qCPU  <- qr.Q(qr(res))
> 
> 
>    print(qGPU[1:5, 1:5])
     [,1] [,2] [,3] [,4] [,5]
[1,]  841  320  932  586  632
[2,]  825   66  198  423  637
[3,]  430  879  601  828  218
[4,]   95  745  669  998   24
[5,]  209  704  655  657  215
>    print("---------------------")
[1] "---------------------"
>    print(qCPU[1:5, 1:5])
Error in print(qCPU[1:5, 1:5]) : object 'qCPU' not found
Execution halted
 MAGMA_EVD_CLIENT Info: CSharedMemory->ExitServer() has just requested server to exit 
 MAGMA_EVD_CLIENT Info: Calling destructor of shrd_client object
* checking PDF version of manual ... OK
* DONE
Status: 1 ERROR, 7 WARNINGs, 6 NOTEs
